0 info it worked if it ends with ok
1 verbose cli [ 'node', '/usr/local/bin/npm', 'install', 'express', '—save-dev' ]
2 info using npm@2.12.1
3 info using node@v0.12.5
4 verbose install initial load of /Users/isaacmabueno/death_star/mean_vader/02_express/isaac_bueno/hi_express/package.json
5 warn package.json hi_express@1.0.0 No description
6 warn package.json hi_express@1.0.0 No repository field.
7 warn package.json hi_express@1.0.0 No README data
8 verbose readDependencies loading dependencies from /Users/isaacmabueno/death_star/mean_vader/02_express/isaac_bueno/hi_express/package.json
9 silly cache add args [ 'express', null ]
10 verbose cache add spec express
11 silly cache add args [ '—save-dev', null ]
12 verbose cache add spec —save-dev
13 silly cache add parsed spec { raw: 'express',
13 silly cache add   scope: null,
13 silly cache add   name: 'express',
13 silly cache add   rawSpec: '',
13 silly cache add   spec: '*',
13 silly cache add   type: 'range' }
14 silly addNamed express@*
15 verbose addNamed "*" is a valid semver range for express
16 silly addNameRange { name: 'express', range: '*', hasData: false }
17 silly mapToRegistry name express
18 silly mapToRegistry using default registry
19 silly mapToRegistry registry https://registry.npmjs.org/
20 silly mapToRegistry uri https://registry.npmjs.org/express
21 verbose addNameRange registry:https://registry.npmjs.org/express not in flight; fetching
22 silly cache add parsed spec { raw: '—save-dev',
22 silly cache add   scope: null,
22 silly cache add   name: null,
22 silly cache add   rawSpec: '—save-dev',
22 silly cache add   spec: '/Users/isaacmabueno/death_star/mean_vader/02_express/isaac_bueno/hi_express/—save-dev',
22 silly cache add   type: 'local' }
23 error addLocal Could not install /Users/isaacmabueno/death_star/mean_vader/02_express/isaac_bueno/hi_express/—save-dev
24 verbose request uri https://registry.npmjs.org/express
25 verbose request no auth needed
26 info attempt registry request try #1 at 2:14:38 PM
27 verbose request id 07fd5d3bb97ca262
28 verbose etag "C7DBJHWQJQ1GY73C7SMS5A7AZ"
29 http request GET https://registry.npmjs.org/express
30 http 304 https://registry.npmjs.org/express
31 silly get cb [ 304,
31 silly get   { date: 'Wed, 02 Sep 2015 19:14:39 GMT',
31 silly get     via: '1.1 varnish',
31 silly get     'cache-control': 'max-age=60',
31 silly get     etag: '"C7DBJHWQJQ1GY73C7SMS5A7AZ"',
31 silly get     age: '36',
31 silly get     connection: 'keep-alive',
31 silly get     'x-served-by': 'cache-dfw1835-DFW',
31 silly get     'x-cache': 'HIT',
31 silly get     'x-cache-hits': '5',
31 silly get     'x-timer': 'S1441221279.074891,VS0,VE0',
31 silly get     vary: 'Accept' } ]
32 verbose etag https://registry.npmjs.org/express from cache
33 verbose get saving express to /Users/isaacmabueno/.npm/registry.npmjs.org/express/.cache.json
34 silly addNameRange number 2 { name: 'express', range: '*', hasData: true }
35 silly addNameRange versions [ 'express',
35 silly addNameRange   [ '0.14.0',
35 silly addNameRange     '0.14.1',
35 silly addNameRange     '1.0.0',
35 silly addNameRange     '1.0.1',
35 silly addNameRange     '1.0.2',
35 silly addNameRange     '1.0.3',
35 silly addNameRange     '1.0.4',
35 silly addNameRange     '1.0.5',
35 silly addNameRange     '1.0.6',
35 silly addNameRange     '1.0.7',
35 silly addNameRange     '1.0.8',
35 silly addNameRange     '2.0.0',
35 silly addNameRange     '2.1.0',
35 silly addNameRange     '2.1.1',
35 silly addNameRange     '2.2.0',
35 silly addNameRange     '2.2.1',
35 silly addNameRange     '2.2.2',
35 silly addNameRange     '2.3.0',
35 silly addNameRange     '2.3.1',
35 silly addNameRange     '2.3.2',
35 silly addNameRange     '2.3.3',
35 silly addNameRange     '2.3.4',
35 silly addNameRange     '2.3.5',
35 silly addNameRange     '2.3.6',
35 silly addNameRange     '2.3.7',
35 silly addNameRange     '2.3.8',
35 silly addNameRange     '2.3.9',
35 silly addNameRange     '2.3.10',
35 silly addNameRange     '2.3.11',
35 silly addNameRange     '2.3.12',
35 silly addNameRange     '2.4.0',
35 silly addNameRange     '2.4.1',
35 silly addNameRange     '2.4.2',
35 silly addNameRange     '2.4.3',
35 silly addNameRange     '2.4.4',
35 silly addNameRange     '2.4.5',
35 silly addNameRange     '2.4.6',
35 silly addNameRange     '2.4.7',
35 silly addNameRange     '2.5.0',
35 silly addNameRange     '2.5.1',
35 silly addNameRange     '2.5.2',
35 silly addNameRange     '2.5.3',
35 silly addNameRange     '2.5.4',
35 silly addNameRange     '2.5.5',
35 silly addNameRange     '2.5.6',
35 silly addNameRange     '2.5.7',
35 silly addNameRange     '2.5.8',
35 silly addNameRange     '2.5.9',
35 silly addNameRange     '2.5.10',
35 silly addNameRange     '2.5.11',
35 silly addNameRange     '3.0.0',
35 silly addNameRange     '3.0.1',
35 silly addNameRange     '3.0.2',
35 silly addNameRange     '3.0.3',
35 silly addNameRange     '3.0.4',
35 silly addNameRange     '3.0.5',
35 silly addNameRange     '3.0.6',
35 silly addNameRange     '3.1.0',
35 silly addNameRange     '3.1.1',
35 silly addNameRange     '3.1.2',
35 silly addNameRange     '3.2.0',
35 silly addNameRange     '3.2.1',
35 silly addNameRange     '3.2.2',
35 silly addNameRange     '3.2.3',
35 silly addNameRange     '3.2.4',
35 silly addNameRange     '3.2.5',
35 silly addNameRange     '3.2.6',
35 silly addNameRange     '3.3.0',
35 silly addNameRange     '3.3.1',
35 silly addNameRange     '3.3.2',
35 silly addNameRange     '3.3.3',
35 silly addNameRange     '3.3.4',
35 silly addNameRange     '3.3.5',
35 silly addNameRange     '3.3.6',
35 silly addNameRange     '1.0.0-beta',
35 silly addNameRange     '1.0.0-beta2',
35 silly addNameRange     '1.0.0-rc',
35 silly addNameRange     '1.0.0-rc2',
35 silly addNameRange     '1.0.0-rc3',
35 silly addNameRange     '1.0.0-rc4',
35 silly addNameRange     '2.0.0-beta',
35 silly addNameRange     '2.0.0-beta2',
35 silly addNameRange     '2.0.0-beta3',
35 silly addNameRange     '2.0.0-rc',
35 silly addNameRange     '2.0.0-rc2',
35 silly addNameRange     '2.0.0-rc3',
35 silly addNameRange     '3.0.0-alpha1',
35 silly addNameRange     '3.0.0-alpha2',
35 silly addNameRange     '3.0.0-alpha3',
35 silly addNameRange     '3.0.0-alpha4',
35 silly addNameRange     '3.0.0-alpha5',
35 silly addNameRange     '3.0.0-beta1',
35 silly addNameRange     '3.0.0-beta2',
35 silly addNameRange     '3.0.0-beta3',
35 silly addNameRange     '3.0.0-beta4',
35 silly addNameRange     '3.0.0-beta6',
35 silly addNameRange     '3.0.0-beta7',
35 silly addNameRange     '3.0.0-rc1',
35 silly addNameRange     '3.0.0-rc2',
35 silly addNameRange     '3.0.0-rc3',
35 silly addNameRange     '3.0.0-rc4',
35 silly addNameRange     '3.0.0-rc5',
35 silly addNameRange     '3.3.7',
35 silly addNameRange     '3.3.8',
35 silly addNameRange     '3.4.0',
35 silly addNameRange     '3.4.1',
35 silly addNameRange     '3.4.2',
35 silly addNameRange     '3.4.3',
35 silly addNameRange     '3.4.4',
35 silly addNameRange     '3.4.5',
35 silly addNameRange     '3.4.6',
35 silly addNameRange     '3.4.7',
35 silly addNameRange     '3.4.8',
35 silly addNameRange     '4.0.0-rc1',
35 silly addNameRange     '4.0.0-rc2',
35 silly addNameRange     '3.5.0',
35 silly addNameRange     '4.0.0-rc3',
35 silly addNameRange     '4.0.0-rc4',
35 silly addNameRange     '3.5.1',
35 silly addNameRange     '4.0.0',
35 silly addNameRange     '3.5.2',
35 silly addNameRange     '4.1.0',
35 silly addNameRange     '4.1.1',
35 silly addNameRange     '3.5.3',
35 silly addNameRange     '4.1.2',
35 silly addNameRange     '3.6.0',
35 silly addNameRange     '4.2.0',
35 silly addNameRange     '3.7.0',
35 silly addNameRange     '3.8.0',
35 silly addNameRange     '4.3.0',
35 silly addNameRange     '4.3.1',
35 silly addNameRange     '3.8.1',
35 silly addNameRange     '4.3.2',
35 silly addNameRange     '3.9.0',
35 silly addNameRange     '4.4.0',
35 silly addNameRange     '4.4.1',
35 silly addNameRange     '3.10.0',
35 silly addNameRange     '3.10.1',
35 silly addNameRange     '3.10.2',
35 silly addNameRange     '3.10.3',
35 silly addNameRange     '3.10.4',
35 silly addNameRange     '4.4.2',
35 silly addNameRange     '3.10.5',
35 silly addNameRange     '4.4.3',
35 silly addNameRange     '3.11.0',
35 silly addNameRange     '4.4.4',
35 silly addNameRange     '3.12.0',
35 silly addNameRange     '3.12.1',
35 silly addNameRange     '4.4.5',
35 silly addNameRange     '3.13.0',
35 silly addNameRange     '4.5.0',
35 silly addNameRange     '4.5.1',
35 silly addNameRange     '3.14.0',
35 silly addNameRange     '4.6.0',
35 silly addNameRange     '4.6.1',
35 silly addNameRange     '3.15.0',
35 silly addNameRange     '4.7.0',
35 silly addNameRange     '3.15.1',
35 silly addNameRange     '4.7.1',
35 silly addNameRange     '3.15.2',
35 silly addNameRange     '4.7.2',
35 silly addNameRange     '4.7.3',
35 silly addNameRange     '3.15.3',
35 silly addNameRange     '4.7.4',
35 silly addNameRange     '3.16.0',
35 silly addNameRange     '4.8.0',
35 silly addNameRange     '3.16.1',
35 silly addNameRange     '4.8.1',
35 silly addNameRange     '3.16.2',
35 silly addNameRange     '4.8.2',
35 silly addNameRange     '3.16.3',
35 silly addNameRange     '3.16.4',
35 silly addNameRange     '4.8.3',
35 silly addNameRange     '3.16.5',
35 silly addNameRange     '3.16.6',
35 silly addNameRange     '4.8.4',
35 silly addNameRange     '3.16.7',
35 silly addNameRange     '4.8.5',
35 silly addNameRange     '3.16.8',
35 silly addNameRange     '4.8.6',
35 silly addNameRange     '3.16.9',
35 silly addNameRange     '4.8.7',
35 silly addNameRange     '3.16.10',
35 silly addNameRange     '4.8.8',
35 silly addNameRange     '3.17.0',
35 silly addNameRange     '3.17.1',
35 silly addNameRange     '4.9.0',
35 silly addNameRange     '3.17.2',
35 silly addNameRange     '4.9.1',
35 silly addNameRange     '4.9.2',
35 silly addNameRange     '3.17.3',
35 silly addNameRange     '4.9.3',
35 silly addNameRange     '3.17.4',
35 silly addNameRange     '4.9.4',
35 silly addNameRange     '3.17.5',
35 silly addNameRange     '4.9.5',
35 silly addNameRange     '3.17.6',
35 silly addNameRange     '3.17.7',
35 silly addNameRange     '4.9.6',
35 silly addNameRange     '4.9.7',
35 silly addNameRange     '3.17.8',
35 silly addNameRange     '4.9.8',
35 silly addNameRange     '3.18.0',
35 silly addNameRange     '3.18.1',
35 silly addNameRange     '4.10.0',
35 silly addNameRange     '3.18.2',
35 silly addNameRange     '4.10.1',
35 silly addNameRange     '5.0.0-alpha.1',
35 silly addNameRange     '3.18.3',
35 silly addNameRange     '4.10.2',
35 silly addNameRange     '3.18.4',
35 silly addNameRange     '4.10.3',
35 silly addNameRange     '4.10.4',
35 silly addNameRange     '4.10.5',
35 silly addNameRange     '3.18.5',
35 silly addNameRange     '3.18.6',
35 silly addNameRange     '4.10.6',
35 silly addNameRange     '4.10.7',
35 silly addNameRange     '3.19.0',
35 silly addNameRange     '4.10.8',
35 silly addNameRange     '4.11.0',
35 silly addNameRange     '3.19.1',
35 silly addNameRange     '4.11.1',
35 silly addNameRange     '3.19.2',
35 silly addNameRange     '4.11.2',
35 silly addNameRange     '3.20.0',
35 silly addNameRange     '4.12.0',
35 silly addNameRange     '3.20.1',
35 silly addNameRange     '4.12.1',
35 silly addNameRange     '4.12.2',
35 silly addNameRange     '3.20.2',
35 silly addNameRange     '4.12.3',
35 silly addNameRange     '3.20.3',
35 silly addNameRange     '4.12.4',
35 silly addNameRange     '3.21.0',
35 silly addNameRange     '4.13.0',
35 silly addNameRange     '3.21.1',
35 silly addNameRange     '4.13.1',
35 silly addNameRange     '5.0.0-alpha.2',
35 silly addNameRange     '3.21.2',
35 silly addNameRange     '4.13.2',
35 silly addNameRange     '4.13.3' ] ]
36 silly addNamed express@4.13.3
37 verbose addNamed "4.13.3" is a plain semver version for express
38 silly cache afterAdd express@4.13.3
39 verbose afterAdd /Users/isaacmabueno/.npm/express/4.13.3/package/package.json not in flight; writing
40 verbose afterAdd /Users/isaacmabueno/.npm/express/4.13.3/package/package.json written
41 verbose stack Error: ENOENT, open '/Users/isaacmabueno/death_star/mean_vader/02_express/isaac_bueno/hi_express/—save-dev'
41 verbose stack     at Error (native)
42 verbose cwd /Users/isaacmabueno/death_star/mean_vader/02_express/isaac_bueno/hi_express
43 error Darwin 14.4.0
44 error argv "node" "/usr/local/bin/npm" "install" "express" "—save-dev"
45 error node v0.12.5
46 error npm  v2.12.1
47 error path /Users/isaacmabueno/death_star/mean_vader/02_express/isaac_bueno/hi_express/—save-dev
48 error code ENOENT
49 error errno -2
50 error enoent ENOENT, open '/Users/isaacmabueno/death_star/mean_vader/02_express/isaac_bueno/hi_express/—save-dev'
50 error enoent This is most likely not a problem with npm itself
50 error enoent and is related to npm not being able to find a file.
51 verbose exit [ -2, true ]
